app/build/intermediates/manifest_merge_blame_file/debug/processDebugMainManifest/manifest-merger-blame-debug-report.txt
1<?xml version="1.0" encoding="utf-8"?>
2<!--
3 * Copyright (c) 2016, 2023 Qualcomm Technologies, Inc.
4 * All Rights Reserved.
5 * Confidential and Proprietary - Qualcomm Technologies, Inc.
6-->
7<manifest xmlns:android="http://schemas.android.com/apk/res/android"
8    package="com.qualcomm.qti.snpe.imageclassifiers"
9    android:versionCode="1"
10    android:versionName="1.0" >
11
12    <uses-sdk
13        android:minSdkVersion="21"
14        android:targetSdkVersion="32" />
15
16    <application
16-->src/main/AndroidManifest.xml:10:5-39:19
17        android:allowBackup="false"
17-->src/main/AndroidManifest.xml:11:9-36
18        android:debuggable="true"
19        android:extractNativeLibs="true"
20        android:icon="@mipmap/launcher"
20-->src/main/AndroidManifest.xml:12:9-40
21        android:label="@string/app_name"
21-->src/main/AndroidManifest.xml:13:9-41
22        android:largeHeap="true"
22-->src/main/AndroidManifest.xml:16:9-33
23        android:supportsRtl="true"
23-->src/main/AndroidManifest.xml:14:9-35
24        android:testOnly="true"
25        android:theme="@style/AppTheme" >
25-->src/main/AndroidManifest.xml:15:9-40
26        <activity
26-->src/main/AndroidManifest.xml:17:9-24:20
27            android:name="com.qualcomm.qti.snpe.imageclassifiers.MainActivity"
27-->src/main/AndroidManifest.xml:17:19-47
28            android:exported="true" >
28-->src/main/AndroidManifest.xml:18:19-42
29            <intent-filter>
29-->src/main/AndroidManifest.xml:19:13-23:29
30                <action android:name="android.intent.action.MAIN" />
30-->src/main/AndroidManifest.xml:20:17-68
30-->src/main/AndroidManifest.xml:20:25-66
31
32                <category android:name="android.intent.category.LAUNCHER" />
32-->src/main/AndroidManifest.xml:22:17-76
32-->src/main/AndroidManifest.xml:22:27-74
33            </intent-filter>
34        </activity>
35
36        <uses-library
36-->src/main/AndroidManifest.xml:25:9-26:43
37            android:name="libOpenCL.so"
37-->src/main/AndroidManifest.xml:25:23-50
38            android:required="false" />
38-->src/main/AndroidManifest.xml:26:17-41
39        <uses-library
39-->src/main/AndroidManifest.xml:27:9-28:43
40            android:name="libcdsprpc.so"
40-->src/main/AndroidManifest.xml:27:23-51
41            android:required="false" />
41-->src/main/AndroidManifest.xml:28:17-41
42
43        <service
43-->src/main/AndroidManifest.xml:30:9-33:19
44            android:name="com.qualcomm.qti.snpe.imageclassifiers.ModelExtractionService"
44-->src/main/AndroidManifest.xml:31:13-51
45            android:exported="false" >
45-->src/main/AndroidManifest.xml:32:13-37
46        </service>
47
48        <provider
48-->src/main/AndroidManifest.xml:34:9-38:20
49            android:name="com.qualcomm.qti.snpe.imageclassifiers.FileProvider"
49-->src/main/AndroidManifest.xml:35:13-41
50            android:authorities="com.qualcomm.qti.snpe.imageclassifiers.FileProvider"
50-->src/main/AndroidManifest.xml:36:13-86
51            android:exported="false" >
51-->src/main/AndroidManifest.xml:37:13-37
52        </provider>
53    </application>
54
55</manifest>